<?xml version="1.0" encoding="UTF-8" ?>
<testsuite failures="0" time="1.004" errors="2" skipped="0" tests="2" name="de.witi.wicket.TestWicketPages">
  <properties>
    <property name="java.runtime.name" value="Java(TM) SE Runtime Environment"/>
    <property name="sun.boot.library.path" value="C:\Program Files\Java\jdk1.6.0_26\jre\bin"/>
    <property name="java.vm.version" value="20.1-b02"/>
    <property name="java.vm.vendor" value="Sun Microsystems Inc."/>
    <property name="java.vendor.url" value="http://java.sun.com/"/>
    <property name="path.separator" value=";"/>
    <property name="java.vm.name" value="Java HotSpot(TM) Client VM"/>
    <property name="file.encoding.pkg" value="sun.io"/>
    <property name="user.country" value="DE"/>
    <property name="sun.java.launcher" value="SUN_STANDARD"/>
    <property name="sun.os.patch.level" value=""/>
    <property name="java.vm.specification.name" value="Java Virtual Machine Specification"/>
    <property name="user.dir" value="C:\Users\dpavleti\Desktop\wicket-guice-jpa\jpa"/>
    <property name="java.runtime.version" value="1.6.0_26-b03"/>
    <property name="java.awt.graphicsenv" value="sun.awt.Win32GraphicsEnvironment"/>
    <property name="basedir" value="C:\Users\dpavleti\Desktop\wicket-guice-jpa\jpa"/>
    <property name="java.endorsed.dirs" value="C:\Program Files\Java\jdk1.6.0_26\jre\lib\endorsed"/>
    <property name="os.arch" value="x86"/>
    <property name="surefire.real.class.path" value="C:\Users\dpavleti\AppData\Local\Temp\surefirebooter1264231626055434256.jar"/>
    <property name="java.io.tmpdir" value="C:\Users\dpavleti\AppData\Local\Temp\"/>
    <property name="line.separator" value="
"/>
    <property name="java.vm.specification.vendor" value="Sun Microsystems Inc."/>
    <property name="user.variant" value=""/>
    <property name="os.name" value="Windows 7"/>
    <property name="sun.jnu.encoding" value="Cp1252"/>
    <property name="java.library.path" value="C:\Program Files\Java\jdk1.6.0_26\jre\bin;C:\Windows\Sun\Java\bin;C:\Windows\system32;C:\Windows;C:\php\;C:\Program Files\MiKTeX 2.9\miktex\bin;C:\Windows\system32;C:\Windows;C:\Windows\System32\Wbem;C:\Windows\System32\WindowsPowerShell\v1.0\;C:\Users\dpavleti\Desktop\SecureSystems\apache-maven-2.2.1\bin;C:\Program Files\ICW\bin;C:\net-snmp\bin;C:\Program Files\MySQL\MySQL Server 5.1\bin;C:\Program Files\OpenVPN\bin;."/>
    <property name="surefire.test.class.path" value="C:\Users\dpavleti\Desktop\wicket-guice-jpa\jpa\target\test-classes;C:\Users\dpavleti\Desktop\wicket-guice-jpa\jpa\target\classes;C:\Users\dpavleti\.m2\repository\org\apache\wicket\wicket\1.4.15\wicket-1.4.15.jar;C:\Users\dpavleti\.m2\repository\org\slf4j\slf4j-api\1.6.1\slf4j-api-1.6.1.jar;C:\Users\dpavleti\.m2\repository\org\apache\wicket\wicket-guice\1.4.15\wicket-guice-1.4.15.jar;C:\Users\dpavleti\.m2\repository\org\apache\wicket\wicket-ioc\1.4.15\wicket-ioc-1.4.15.jar;C:\Users\dpavleti\.m2\repository\com\google\inject\guice\3.0-rc2\guice-3.0-rc2.jar;C:\Users\dpavleti\.m2\repository\aopalliance\aopalliance\1.0\aopalliance-1.0.jar;C:\Users\dpavleti\.m2\repository\org\slf4j\slf4j-log4j12\1.6.1\slf4j-log4j12-1.6.1.jar;C:\Users\dpavleti\.m2\repository\log4j\log4j\1.2.16\log4j-1.2.16.jar;C:\Users\dpavleti\.m2\repository\org\hsqldb\hsqldb\2.0.0\hsqldb-2.0.0.jar;C:\Users\dpavleti\.m2\repository\javax\inject\javax.inject\1\javax.inject-1.jar;C:\Users\dpavleti\.m2\repository\com\google\inject\extensions\guice-persist\3.0-rc2\guice-persist-3.0-rc2.jar;C:\Users\dpavleti\.m2\repository\com\google\inject\extensions\guice-servlet\3.0-rc2\guice-servlet-3.0-rc2.jar;C:\Users\dpavleti\.m2\repository\org\hibernate\hibernate-entitymanager\3.6.1.Final\hibernate-entitymanager-3.6.1.Final.jar;C:\Users\dpavleti\.m2\repository\org\hibernate\hibernate-core\3.6.1.Final\hibernate-core-3.6.1.Final.jar;C:\Users\dpavleti\.m2\repository\antlr\antlr\2.7.6\antlr-2.7.6.jar;C:\Users\dpavleti\.m2\repository\commons-collections\commons-collections\3.1\commons-collections-3.1.jar;C:\Users\dpavleti\.m2\repository\dom4j\dom4j\1.6.1\dom4j-1.6.1.jar;C:\Users\dpavleti\.m2\repository\org\hibernate\hibernate-commons-annotations\3.2.0.Final\hibernate-commons-annotations-3.2.0.Final.jar;C:\Users\dpavleti\.m2\repository\org\hibernate\javax\persistence\hibernate-jpa-2.0-api\1.0.0.Final\hibernate-jpa-2.0-api-1.0.0.Final.jar;C:\Users\dpavleti\.m2\repository\javax\transaction\jta\1.1\jta-1.1.jar;C:\Users\dpavleti\.m2\repository\cglib\cglib\2.2\cglib-2.2.jar;C:\Users\dpavleti\.m2\repository\asm\asm\3.1\asm-3.1.jar;C:\Users\dpavleti\.m2\repository\javassist\javassist\3.12.0.GA\javassist-3.12.0.GA.jar;C:\Users\dpavleti\.m2\repository\org\eclipse\jetty\aggregate\jetty-all-server\7.3.0.v20110203\jetty-all-server-7.3.0.v20110203.jar;C:\Users\dpavleti\.m2\repository\javax\servlet\servlet-api\2.5\servlet-api-2.5.jar;C:\Users\dpavleti\.m2\repository\org\apache\geronimo\specs\geronimo-jta_1.1_spec\1.1.1\geronimo-jta_1.1_spec-1.1.1.jar;C:\Users\dpavleti\.m2\repository\javax\mail\mail\1.4.1\mail-1.4.1.jar;C:\Users\dpavleti\.m2\repository\javax\activation\activation\1.1\activation-1.1.jar;C:\Users\dpavleti\.m2\repository\org\apache\geronimo\specs\geronimo-jaspic_1.0_spec\1.0\geronimo-jaspic_1.0_spec-1.0.jar;C:\Users\dpavleti\.m2\repository\org\apache\geronimo\specs\geronimo-annotation_1.0_spec\1.1.1\geronimo-annotation_1.0_spec-1.1.1.jar;C:\Users\dpavleti\.m2\repository\asm\asm-commons\3.1\asm-commons-3.1.jar;C:\Users\dpavleti\.m2\repository\asm\asm-tree\3.1\asm-tree-3.1.jar;C:\Users\dpavleti\.m2\repository\junit\junit\4.8.2\junit-4.8.2.jar;C:\Users\dpavleti\.m2\repository\org\mockito\mockito-core\1.8.5\mockito-core-1.8.5.jar;C:\Users\dpavleti\.m2\repository\org\hamcrest\hamcrest-core\1.1\hamcrest-core-1.1.jar;C:\Users\dpavleti\.m2\repository\org\objenesis\objenesis\1.0\objenesis-1.0.jar;"/>
    <property name="java.specification.name" value="Java Platform API Specification"/>
    <property name="java.class.version" value="50.0"/>
    <property name="sun.management.compiler" value="HotSpot Client Compiler"/>
    <property name="os.version" value="6.1"/>
    <property name="user.home" value="C:\Users\dpavleti"/>
    <property name="user.timezone" value="Europe/Berlin"/>
    <property name="java.awt.printerjob" value="sun.awt.windows.WPrinterJob"/>
    <property name="java.specification.version" value="1.6"/>
    <property name="file.encoding" value="Cp1252"/>
    <property name="user.name" value="dpavleti"/>
    <property name="java.class.path" value="C:\Users\dpavleti\Desktop\wicket-guice-jpa\jpa\target\test-classes;C:\Users\dpavleti\Desktop\wicket-guice-jpa\jpa\target\classes;C:\Users\dpavleti\.m2\repository\org\apache\wicket\wicket\1.4.15\wicket-1.4.15.jar;C:\Users\dpavleti\.m2\repository\org\slf4j\slf4j-api\1.6.1\slf4j-api-1.6.1.jar;C:\Users\dpavleti\.m2\repository\org\apache\wicket\wicket-guice\1.4.15\wicket-guice-1.4.15.jar;C:\Users\dpavleti\.m2\repository\org\apache\wicket\wicket-ioc\1.4.15\wicket-ioc-1.4.15.jar;C:\Users\dpavleti\.m2\repository\com\google\inject\guice\3.0-rc2\guice-3.0-rc2.jar;C:\Users\dpavleti\.m2\repository\aopalliance\aopalliance\1.0\aopalliance-1.0.jar;C:\Users\dpavleti\.m2\repository\org\slf4j\slf4j-log4j12\1.6.1\slf4j-log4j12-1.6.1.jar;C:\Users\dpavleti\.m2\repository\log4j\log4j\1.2.16\log4j-1.2.16.jar;C:\Users\dpavleti\.m2\repository\org\hsqldb\hsqldb\2.0.0\hsqldb-2.0.0.jar;C:\Users\dpavleti\.m2\repository\javax\inject\javax.inject\1\javax.inject-1.jar;C:\Users\dpavleti\.m2\repository\com\google\inject\extensions\guice-persist\3.0-rc2\guice-persist-3.0-rc2.jar;C:\Users\dpavleti\.m2\repository\com\google\inject\extensions\guice-servlet\3.0-rc2\guice-servlet-3.0-rc2.jar;C:\Users\dpavleti\.m2\repository\org\hibernate\hibernate-entitymanager\3.6.1.Final\hibernate-entitymanager-3.6.1.Final.jar;C:\Users\dpavleti\.m2\repository\org\hibernate\hibernate-core\3.6.1.Final\hibernate-core-3.6.1.Final.jar;C:\Users\dpavleti\.m2\repository\antlr\antlr\2.7.6\antlr-2.7.6.jar;C:\Users\dpavleti\.m2\repository\commons-collections\commons-collections\3.1\commons-collections-3.1.jar;C:\Users\dpavleti\.m2\repository\dom4j\dom4j\1.6.1\dom4j-1.6.1.jar;C:\Users\dpavleti\.m2\repository\org\hibernate\hibernate-commons-annotations\3.2.0.Final\hibernate-commons-annotations-3.2.0.Final.jar;C:\Users\dpavleti\.m2\repository\org\hibernate\javax\persistence\hibernate-jpa-2.0-api\1.0.0.Final\hibernate-jpa-2.0-api-1.0.0.Final.jar;C:\Users\dpavleti\.m2\repository\javax\transaction\jta\1.1\jta-1.1.jar;C:\Users\dpavleti\.m2\repository\cglib\cglib\2.2\cglib-2.2.jar;C:\Users\dpavleti\.m2\repository\asm\asm\3.1\asm-3.1.jar;C:\Users\dpavleti\.m2\repository\javassist\javassist\3.12.0.GA\javassist-3.12.0.GA.jar;C:\Users\dpavleti\.m2\repository\org\eclipse\jetty\aggregate\jetty-all-server\7.3.0.v20110203\jetty-all-server-7.3.0.v20110203.jar;C:\Users\dpavleti\.m2\repository\javax\servlet\servlet-api\2.5\servlet-api-2.5.jar;C:\Users\dpavleti\.m2\repository\org\apache\geronimo\specs\geronimo-jta_1.1_spec\1.1.1\geronimo-jta_1.1_spec-1.1.1.jar;C:\Users\dpavleti\.m2\repository\javax\mail\mail\1.4.1\mail-1.4.1.jar;C:\Users\dpavleti\.m2\repository\javax\activation\activation\1.1\activation-1.1.jar;C:\Users\dpavleti\.m2\repository\org\apache\geronimo\specs\geronimo-jaspic_1.0_spec\1.0\geronimo-jaspic_1.0_spec-1.0.jar;C:\Users\dpavleti\.m2\repository\org\apache\geronimo\specs\geronimo-annotation_1.0_spec\1.1.1\geronimo-annotation_1.0_spec-1.1.1.jar;C:\Users\dpavleti\.m2\repository\asm\asm-commons\3.1\asm-commons-3.1.jar;C:\Users\dpavleti\.m2\repository\asm\asm-tree\3.1\asm-tree-3.1.jar;C:\Users\dpavleti\.m2\repository\junit\junit\4.8.2\junit-4.8.2.jar;C:\Users\dpavleti\.m2\repository\org\mockito\mockito-core\1.8.5\mockito-core-1.8.5.jar;C:\Users\dpavleti\.m2\repository\org\hamcrest\hamcrest-core\1.1\hamcrest-core-1.1.jar;C:\Users\dpavleti\.m2\repository\org\objenesis\objenesis\1.0\objenesis-1.0.jar;"/>
    <property name="java.vm.specification.version" value="1.0"/>
    <property name="sun.arch.data.model" value="32"/>
    <property name="java.home" value="C:\Program Files\Java\jdk1.6.0_26\jre"/>
    <property name="sun.java.command" value="C:\Users\dpavleti\AppData\Local\Temp\surefirebooter1264231626055434256.jar C:\Users\dpavleti\AppData\Local\Temp\surefire8440554028179971659tmp C:\Users\dpavleti\AppData\Local\Temp\surefire4732314238518646506tmp"/>
    <property name="java.specification.vendor" value="Sun Microsystems Inc."/>
    <property name="user.language" value="de"/>
    <property name="awt.toolkit" value="sun.awt.windows.WToolkit"/>
    <property name="java.vm.info" value="mixed mode, sharing"/>
    <property name="java.version" value="1.6.0_26"/>
    <property name="java.ext.dirs" value="C:\Program Files\Java\jdk1.6.0_26\jre\lib\ext;C:\Windows\Sun\Java\lib\ext"/>
    <property name="sun.boot.class.path" value="C:\Program Files\Java\jdk1.6.0_26\jre\lib\resources.jar;C:\Program Files\Java\jdk1.6.0_26\jre\lib\rt.jar;C:\Program Files\Java\jdk1.6.0_26\jre\lib\sunrsasign.jar;C:\Program Files\Java\jdk1.6.0_26\jre\lib\jsse.jar;C:\Program Files\Java\jdk1.6.0_26\jre\lib\jce.jar;C:\Program Files\Java\jdk1.6.0_26\jre\lib\charsets.jar;C:\Program Files\Java\jdk1.6.0_26\jre\lib\modules\jdk.boot.jar;C:\Program Files\Java\jdk1.6.0_26\jre\classes"/>
    <property name="java.vendor" value="Sun Microsystems Inc."/>
    <property name="localRepository" value="C:\Users\dpavleti\.m2\repository"/>
    <property name="file.separator" value="\"/>
    <property name="java.vendor.url.bug" value="http://java.sun.com/cgi-bin/bugreport.cgi"/>
    <property name="sun.cpu.endian" value="little"/>
    <property name="sun.io.unicode.encoding" value="UnicodeLittle"/>
    <property name="sun.desktop" value="windows"/>
    <property name="sun.cpu.isalist" value="pentium_pro+mmx pentium_pro pentium+mmx pentium i486 i386 i86"/>
  </properties>
  <testcase time="0.949" classname="de.witi.wicket.TestWicketPages" name="testStartPage">
    <error message="Guice creation errors:

1) An exception was caught and reported. Message: 
Invalid use of argument matchers!
2 matchers expected, 1 recorded.
This exception may occur if matchers are combined with raw values:
    //incorrect:
    someMethod(anyObject(), &quot;raw String&quot;);
When using matchers, all arguments have to be provided by matchers.
For example:
    //correct:
    someMethod(anyObject(), eq(&quot;String by matcher&quot;));

For more info see javadoc for Matchers class.
  at com.google.inject.internal.InjectorShell$Builder.build(InjectorShell.java:132)

1 error" type="com.google.inject.CreationException">com.google.inject.CreationException: Guice creation errors:

1) An exception was caught and reported. Message: 
Invalid use of argument matchers!
2 matchers expected, 1 recorded.
This exception may occur if matchers are combined with raw values:
    //incorrect:
    someMethod(anyObject(), &quot;raw String&quot;);
When using matchers, all arguments have to be provided by matchers.
For example:
    //correct:
    someMethod(anyObject(), eq(&quot;String by matcher&quot;));

For more info see javadoc for Matchers class.
  at com.google.inject.internal.InjectorShell$Builder.build(InjectorShell.java:132)

1 error
	at com.google.inject.internal.Errors.throwCreationExceptionIfErrorsExist(Errors.java:416)
	at com.google.inject.internal.InternalInjectorCreator.initializeStatically(InternalInjectorCreator.java:154)
	at com.google.inject.internal.InternalInjectorCreator.build(InternalInjectorCreator.java:106)
	at com.google.inject.Guice.createInjector(Guice.java:95)
	at com.google.inject.Guice.createInjector(Guice.java:72)
	at com.google.inject.Guice.createInjector(Guice.java:62)
	at de.witi.wicket.TestWicketPages$1.getGuiceInjector(TestWicketPages.java:32)
	at de.witi.WicketApplication.init(WicketApplication.java:35)
	at org.apache.wicket.protocol.http.WicketFilter.init(WicketFilter.java:726)
	at org.apache.wicket.protocol.http.MockWebApplication.&lt;init&gt;(MockWebApplication.java:168)
	at org.apache.wicket.util.tester.BaseWicketTester.&lt;init&gt;(BaseWicketTester.java:218)
	at org.apache.wicket.util.tester.WicketTester.&lt;init&gt;(WicketTester.java:331)
	at org.apache.wicket.util.tester.WicketTester.&lt;init&gt;(WicketTester.java:314)
	at de.witi.wicket.TestWicketPages.setup(TestWicketPages.java:25)
	at sun.reflect.NativeMethodAccessorImpl.invoke0(Native Method)
	at sun.reflect.NativeMethodAccessorImpl.invoke(NativeMethodAccessorImpl.java:39)
	at sun.reflect.DelegatingMethodAccessorImpl.invoke(DelegatingMethodAccessorImpl.java:25)
	at java.lang.reflect.Method.invoke(Method.java:597)
	at org.junit.runners.model.FrameworkMethod$1.runReflectiveCall(FrameworkMethod.java:44)
	at org.junit.internal.runners.model.ReflectiveCallable.run(ReflectiveCallable.java:15)
	at org.junit.runners.model.FrameworkMethod.invokeExplosively(FrameworkMethod.java:41)
	at org.junit.internal.runners.statements.RunBefores.evaluate(RunBefores.java:27)
	at org.junit.runners.BlockJUnit4ClassRunner.runNotIgnored(BlockJUnit4ClassRunner.java:79)
	at org.junit.runners.BlockJUnit4ClassRunner.runChild(BlockJUnit4ClassRunner.java:71)
	at org.junit.runners.BlockJUnit4ClassRunner.runChild(BlockJUnit4ClassRunner.java:49)
	at org.junit.runners.ParentRunner$3.run(ParentRunner.java:193)
	at org.junit.runners.ParentRunner$1.schedule(ParentRunner.java:52)
	at org.junit.runners.ParentRunner.runChildren(ParentRunner.java:191)
	at org.junit.runners.ParentRunner.access$000(ParentRunner.java:42)
	at org.junit.runners.ParentRunner$2.evaluate(ParentRunner.java:184)
	at org.junit.runners.ParentRunner.run(ParentRunner.java:236)
	at org.apache.maven.surefire.junit4.JUnit4TestSet.execute(JUnit4TestSet.java:62)
	at org.apache.maven.surefire.suite.AbstractDirectoryTestSuite.executeTestSet(AbstractDirectoryTestSuite.java:140)
	at org.apache.maven.surefire.suite.AbstractDirectoryTestSuite.execute(AbstractDirectoryTestSuite.java:127)
	at org.apache.maven.surefire.Surefire.run(Surefire.java:177)
	at sun.reflect.NativeMethodAccessorImpl.invoke0(Native Method)
	at sun.reflect.NativeMethodAccessorImpl.invoke(NativeMethodAccessorImpl.java:39)
	at sun.reflect.DelegatingMethodAccessorImpl.invoke(DelegatingMethodAccessorImpl.java:25)
	at java.lang.reflect.Method.invoke(Method.java:597)
	at org.apache.maven.surefire.booter.SurefireBooter.runSuitesInProcess(SurefireBooter.java:345)
	at org.apache.maven.surefire.booter.SurefireBooter.main(SurefireBooter.java:1009)
Caused by: org.mockito.exceptions.misusing.InvalidUseOfMatchersException: 
Invalid use of argument matchers!
2 matchers expected, 1 recorded.
This exception may occur if matchers are combined with raw values:
    //incorrect:
    someMethod(anyObject(), &quot;raw String&quot;);
When using matchers, all arguments have to be provided by matchers.
For example:
    //correct:
    someMethod(anyObject(), eq(&quot;String by matcher&quot;));

For more info see javadoc for Matchers class.
	at de.witi.config.modules.MockDAOModule.configure(MockDAOModule.java:38)
	at com.google.inject.AbstractModule.configure(AbstractModule.java:59)
	at com.google.inject.spi.Elements$RecordingBinder.install(Elements.java:223)
	at com.google.inject.spi.Elements.getElements(Elements.java:101)
	at com.google.inject.internal.InjectorShell$Builder.build(InjectorShell.java:132)
	at com.google.inject.internal.InternalInjectorCreator.build(InternalInjectorCreator.java:103)
	... 38 more
</error>
    <system-err>10.08.2011 14:42:32 com.google.inject.internal.MessageProcessor visit
INFO: An exception was caught and reported. Message: org.mockito.exceptions.misusing.InvalidUseOfMatchersException: 
Invalid use of argument matchers!
2 matchers expected, 1 recorded.
This exception may occur if matchers are combined with raw values:
    //incorrect:
    someMethod(anyObject(), &quot;raw String&quot;);
When using matchers, all arguments have to be provided by matchers.
For example:
    //correct:
    someMethod(anyObject(), eq(&quot;String by matcher&quot;));

For more info see javadoc for Matchers class.
org.mockito.exceptions.misusing.InvalidUseOfMatchersException: 
Invalid use of argument matchers!
2 matchers expected, 1 recorded.
This exception may occur if matchers are combined with raw values:
    //incorrect:
    someMethod(anyObject(), &quot;raw String&quot;);
When using matchers, all arguments have to be provided by matchers.
For example:
    //correct:
    someMethod(anyObject(), eq(&quot;String by matcher&quot;));

For more info see javadoc for Matchers class.
	at de.witi.config.modules.MockDAOModule.configure(MockDAOModule.java:38)
	at com.google.inject.AbstractModule.configure(AbstractModule.java:59)
	at com.google.inject.spi.Elements$RecordingBinder.install(Elements.java:223)
	at com.google.inject.spi.Elements.getElements(Elements.java:101)
	at com.google.inject.internal.InjectorShell$Builder.build(InjectorShell.java:132)
	at com.google.inject.internal.InternalInjectorCreator.build(InternalInjectorCreator.java:103)
	at com.google.inject.Guice.createInjector(Guice.java:95)
	at com.google.inject.Guice.createInjector(Guice.java:72)
	at com.google.inject.Guice.createInjector(Guice.java:62)
	at de.witi.wicket.TestWicketPages$1.getGuiceInjector(TestWicketPages.java:32)
	at de.witi.WicketApplication.init(WicketApplication.java:35)
	at org.apache.wicket.protocol.http.WicketFilter.init(WicketFilter.java:726)
	at org.apache.wicket.protocol.http.MockWebApplication.&lt;init&gt;(MockWebApplication.java:168)
	at org.apache.wicket.util.tester.BaseWicketTester.&lt;init&gt;(BaseWicketTester.java:218)
	at org.apache.wicket.util.tester.WicketTester.&lt;init&gt;(WicketTester.java:331)
	at org.apache.wicket.util.tester.WicketTester.&lt;init&gt;(WicketTester.java:314)
	at de.witi.wicket.TestWicketPages.setup(TestWicketPages.java:25)
	at sun.reflect.NativeMethodAccessorImpl.invoke0(Native Method)
	at sun.reflect.NativeMethodAccessorImpl.invoke(NativeMethodAccessorImpl.java:39)
	at sun.reflect.DelegatingMethodAccessorImpl.invoke(DelegatingMethodAccessorImpl.java:25)
	at java.lang.reflect.Method.invoke(Method.java:597)
	at org.junit.runners.model.FrameworkMethod$1.runReflectiveCall(FrameworkMethod.java:44)
	at org.junit.internal.runners.model.ReflectiveCallable.run(ReflectiveCallable.java:15)
	at org.junit.runners.model.FrameworkMethod.invokeExplosively(FrameworkMethod.java:41)
	at org.junit.internal.runners.statements.RunBefores.evaluate(RunBefores.java:27)
	at org.junit.runners.BlockJUnit4ClassRunner.runNotIgnored(BlockJUnit4ClassRunner.java:79)
	at org.junit.runners.BlockJUnit4ClassRunner.runChild(BlockJUnit4ClassRunner.java:71)
	at org.junit.runners.BlockJUnit4ClassRunner.runChild(BlockJUnit4ClassRunner.java:49)
	at org.junit.runners.ParentRunner$3.run(ParentRunner.java:193)
	at org.junit.runners.ParentRunner$1.schedule(ParentRunner.java:52)
	at org.junit.runners.ParentRunner.runChildren(ParentRunner.java:191)
	at org.junit.runners.ParentRunner.access$000(ParentRunner.java:42)
	at org.junit.runners.ParentRunner$2.evaluate(ParentRunner.java:184)
	at org.junit.runners.ParentRunner.run(ParentRunner.java:236)
	at org.apache.maven.surefire.junit4.JUnit4TestSet.execute(JUnit4TestSet.java:62)
	at org.apache.maven.surefire.suite.AbstractDirectoryTestSuite.executeTestSet(AbstractDirectoryTestSuite.java:140)
	at org.apache.maven.surefire.suite.AbstractDirectoryTestSuite.execute(AbstractDirectoryTestSuite.java:127)
	at org.apache.maven.surefire.Surefire.run(Surefire.java:177)
	at sun.reflect.NativeMethodAccessorImpl.invoke0(Native Method)
	at sun.reflect.NativeMethodAccessorImpl.invoke(NativeMethodAccessorImpl.java:39)
	at sun.reflect.DelegatingMethodAccessorImpl.invoke(DelegatingMethodAccessorImpl.java:25)
	at java.lang.reflect.Method.invoke(Method.java:597)
	at org.apache.maven.surefire.booter.SurefireBooter.runSuitesInProcess(SurefireBooter.java:345)
	at org.apache.maven.surefire.booter.SurefireBooter.main(SurefireBooter.java:1009)
</system-err>
  </testcase>
  <testcase time="0.007" classname="de.witi.wicket.TestWicketPages" name="testUserPage">
    <error message="Guice creation errors:

1) An exception was caught and reported. Message: 
Invalid use of argument matchers!
2 matchers expected, 1 recorded.
This exception may occur if matchers are combined with raw values:
    //incorrect:
    someMethod(anyObject(), &quot;raw String&quot;);
When using matchers, all arguments have to be provided by matchers.
For example:
    //correct:
    someMethod(anyObject(), eq(&quot;String by matcher&quot;));

For more info see javadoc for Matchers class.
  at com.google.inject.internal.InjectorShell$Builder.build(InjectorShell.java:132)

1 error" type="com.google.inject.CreationException">com.google.inject.CreationException: Guice creation errors:

1) An exception was caught and reported. Message: 
Invalid use of argument matchers!
2 matchers expected, 1 recorded.
This exception may occur if matchers are combined with raw values:
    //incorrect:
    someMethod(anyObject(), &quot;raw String&quot;);
When using matchers, all arguments have to be provided by matchers.
For example:
    //correct:
    someMethod(anyObject(), eq(&quot;String by matcher&quot;));

For more info see javadoc for Matchers class.
  at com.google.inject.internal.InjectorShell$Builder.build(InjectorShell.java:132)

1 error
	at com.google.inject.internal.Errors.throwCreationExceptionIfErrorsExist(Errors.java:416)
	at com.google.inject.internal.InternalInjectorCreator.initializeStatically(InternalInjectorCreator.java:154)
	at com.google.inject.internal.InternalInjectorCreator.build(InternalInjectorCreator.java:106)
	at com.google.inject.Guice.createInjector(Guice.java:95)
	at com.google.inject.Guice.createInjector(Guice.java:72)
	at com.google.inject.Guice.createInjector(Guice.java:62)
	at de.witi.wicket.TestWicketPages$1.getGuiceInjector(TestWicketPages.java:32)
	at de.witi.WicketApplication.init(WicketApplication.java:35)
	at org.apache.wicket.protocol.http.WicketFilter.init(WicketFilter.java:726)
	at org.apache.wicket.protocol.http.MockWebApplication.&lt;init&gt;(MockWebApplication.java:168)
	at org.apache.wicket.util.tester.BaseWicketTester.&lt;init&gt;(BaseWicketTester.java:218)
	at org.apache.wicket.util.tester.WicketTester.&lt;init&gt;(WicketTester.java:331)
	at org.apache.wicket.util.tester.WicketTester.&lt;init&gt;(WicketTester.java:314)
	at de.witi.wicket.TestWicketPages.setup(TestWicketPages.java:25)
	at sun.reflect.NativeMethodAccessorImpl.invoke0(Native Method)
	at sun.reflect.NativeMethodAccessorImpl.invoke(NativeMethodAccessorImpl.java:39)
	at sun.reflect.DelegatingMethodAccessorImpl.invoke(DelegatingMethodAccessorImpl.java:25)
	at java.lang.reflect.Method.invoke(Method.java:597)
	at org.junit.runners.model.FrameworkMethod$1.runReflectiveCall(FrameworkMethod.java:44)
	at org.junit.internal.runners.model.ReflectiveCallable.run(ReflectiveCallable.java:15)
	at org.junit.runners.model.FrameworkMethod.invokeExplosively(FrameworkMethod.java:41)
	at org.junit.internal.runners.statements.RunBefores.evaluate(RunBefores.java:27)
	at org.junit.runners.BlockJUnit4ClassRunner.runNotIgnored(BlockJUnit4ClassRunner.java:79)
	at org.junit.runners.BlockJUnit4ClassRunner.runChild(BlockJUnit4ClassRunner.java:71)
	at org.junit.runners.BlockJUnit4ClassRunner.runChild(BlockJUnit4ClassRunner.java:49)
	at org.junit.runners.ParentRunner$3.run(ParentRunner.java:193)
	at org.junit.runners.ParentRunner$1.schedule(ParentRunner.java:52)
	at org.junit.runners.ParentRunner.runChildren(ParentRunner.java:191)
	at org.junit.runners.ParentRunner.access$000(ParentRunner.java:42)
	at org.junit.runners.ParentRunner$2.evaluate(ParentRunner.java:184)
	at org.junit.runners.ParentRunner.run(ParentRunner.java:236)
	at org.apache.maven.surefire.junit4.JUnit4TestSet.execute(JUnit4TestSet.java:62)
	at org.apache.maven.surefire.suite.AbstractDirectoryTestSuite.executeTestSet(AbstractDirectoryTestSuite.java:140)
	at org.apache.maven.surefire.suite.AbstractDirectoryTestSuite.execute(AbstractDirectoryTestSuite.java:127)
	at org.apache.maven.surefire.Surefire.run(Surefire.java:177)
	at sun.reflect.NativeMethodAccessorImpl.invoke0(Native Method)
	at sun.reflect.NativeMethodAccessorImpl.invoke(NativeMethodAccessorImpl.java:39)
	at sun.reflect.DelegatingMethodAccessorImpl.invoke(DelegatingMethodAccessorImpl.java:25)
	at java.lang.reflect.Method.invoke(Method.java:597)
	at org.apache.maven.surefire.booter.SurefireBooter.runSuitesInProcess(SurefireBooter.java:345)
	at org.apache.maven.surefire.booter.SurefireBooter.main(SurefireBooter.java:1009)
Caused by: org.mockito.exceptions.misusing.InvalidUseOfMatchersException: 
Invalid use of argument matchers!
2 matchers expected, 1 recorded.
This exception may occur if matchers are combined with raw values:
    //incorrect:
    someMethod(anyObject(), &quot;raw String&quot;);
When using matchers, all arguments have to be provided by matchers.
For example:
    //correct:
    someMethod(anyObject(), eq(&quot;String by matcher&quot;));

For more info see javadoc for Matchers class.
	at de.witi.config.modules.MockDAOModule.configure(MockDAOModule.java:38)
	at com.google.inject.AbstractModule.configure(AbstractModule.java:59)
	at com.google.inject.spi.Elements$RecordingBinder.install(Elements.java:223)
	at com.google.inject.spi.Elements.getElements(Elements.java:101)
	at com.google.inject.internal.InjectorShell$Builder.build(InjectorShell.java:132)
	at com.google.inject.internal.InternalInjectorCreator.build(InternalInjectorCreator.java:103)
	... 38 more
</error>
  </testcase>
</testsuite>