<?xml version="1.0" encoding="UTF-8" ?>
<testsuite failures="0" time="1.047" errors="1" skipped="0" tests="2" name="de.witi.wicket.TestWicketPages">
  <properties>
    <property name="java.runtime.name" value="Java(TM) SE Runtime Environment"/>
    <property name="sun.boot.library.path" value="C:\Program Files\Java\jdk1.6.0_26\jre\bin"/>
    <property name="java.vm.version" value="20.1-b02"/>
    <property name="java.vm.vendor" value="Sun Microsystems Inc."/>
    <property name="java.vendor.url" value="http://java.sun.com/"/>
    <property name="path.separator" value=";"/>
    <property name="java.vm.name" value="Java HotSpot(TM) Client VM"/>
    <property name="file.encoding.pkg" value="sun.io"/>
    <property name="user.country" value="DE"/>
    <property name="sun.java.launcher" value="SUN_STANDARD"/>
    <property name="sun.os.patch.level" value=""/>
    <property name="java.vm.specification.name" value="Java Virtual Machine Specification"/>
    <property name="user.dir" value="C:\Users\dpavleti\Desktop\wicket-guice-jpa\jpa"/>
    <property name="java.runtime.version" value="1.6.0_26-b03"/>
    <property name="java.awt.graphicsenv" value="sun.awt.Win32GraphicsEnvironment"/>
    <property name="basedir" value="C:\Users\dpavleti\Desktop\wicket-guice-jpa\jpa"/>
    <property name="java.endorsed.dirs" value="C:\Program Files\Java\jdk1.6.0_26\jre\lib\endorsed"/>
    <property name="os.arch" value="x86"/>
    <property name="surefire.real.class.path" value="C:\Users\dpavleti\Desktop\wicket-guice-jpa\jpa\target\surefire\surefirebooter8606952892562644400.jar"/>
    <property name="java.io.tmpdir" value="C:\Users\dpavleti\AppData\Local\Temp\"/>
    <property name="line.separator" value="
"/>
    <property name="java.vm.specification.vendor" value="Sun Microsystems Inc."/>
    <property name="user.variant" value=""/>
    <property name="os.name" value="Windows 7"/>
    <property name="sun.jnu.encoding" value="Cp1252"/>
    <property name="java.library.path" value="C:\Program Files\Java\jdk1.6.0_26\jre\bin;C:\Windows\Sun\Java\bin;C:\Windows\system32;C:\Windows;C:\php\;C:\Program Files\MiKTeX 2.9\miktex\bin;C:\Windows\system32;C:\Windows;C:\Windows\System32\Wbem;C:\Windows\System32\WindowsPowerShell\v1.0\;C:\Users\dpavleti\Desktop\SecureSystems\apache-maven-2.2.1\bin;C:\Program Files\ICW\bin;C:\net-snmp\bin;C:\Program Files\MySQL\MySQL Server 5.1\bin;C:\Program Files\OpenVPN\bin;."/>
    <property name="surefire.test.class.path" value="C:\Users\dpavleti\Desktop\wicket-guice-jpa\jpa\target\test-classes;C:\Users\dpavleti\Desktop\wicket-guice-jpa\jpa\target\classes;C:\Users\dpavleti\.m2\repository\org\apache\wicket\wicket\1.4.15\wicket-1.4.15.jar;C:\Users\dpavleti\.m2\repository\org\apache\wicket\wicket-guice\1.4.15\wicket-guice-1.4.15.jar;C:\Users\dpavleti\.m2\repository\org\apache\wicket\wicket-ioc\1.4.15\wicket-ioc-1.4.15.jar;C:\Users\dpavleti\.m2\repository\org\slf4j\slf4j-api\1.6.1\slf4j-api-1.6.1.jar;C:\Users\dpavleti\.m2\repository\org\slf4j\slf4j-log4j12\1.6.1\slf4j-log4j12-1.6.1.jar;C:\Users\dpavleti\.m2\repository\log4j\log4j\1.2.16\log4j-1.2.16.jar;C:\Users\dpavleti\.m2\repository\org\hsqldb\hsqldb\2.0.0\hsqldb-2.0.0.jar;C:\Users\dpavleti\.m2\repository\com\google\inject\guice\3.0-rc2\guice-3.0-rc2.jar;C:\Users\dpavleti\.m2\repository\javax\inject\javax.inject\1\javax.inject-1.jar;C:\Users\dpavleti\.m2\repository\aopalliance\aopalliance\1.0\aopalliance-1.0.jar;C:\Users\dpavleti\.m2\repository\com\google\inject\extensions\guice-persist\3.0-rc2\guice-persist-3.0-rc2.jar;C:\Users\dpavleti\.m2\repository\com\google\inject\extensions\guice-servlet\3.0-rc2\guice-servlet-3.0-rc2.jar;C:\Users\dpavleti\.m2\repository\org\hibernate\hibernate-entitymanager\3.6.1.Final\hibernate-entitymanager-3.6.1.Final.jar;C:\Users\dpavleti\.m2\repository\org\hibernate\hibernate-core\3.6.1.Final\hibernate-core-3.6.1.Final.jar;C:\Users\dpavleti\.m2\repository\antlr\antlr\2.7.6\antlr-2.7.6.jar;C:\Users\dpavleti\.m2\repository\commons-collections\commons-collections\3.1\commons-collections-3.1.jar;C:\Users\dpavleti\.m2\repository\dom4j\dom4j\1.6.1\dom4j-1.6.1.jar;C:\Users\dpavleti\.m2\repository\org\hibernate\hibernate-commons-annotations\3.2.0.Final\hibernate-commons-annotations-3.2.0.Final.jar;C:\Users\dpavleti\.m2\repository\javax\transaction\jta\1.1\jta-1.1.jar;C:\Users\dpavleti\.m2\repository\cglib\cglib\2.2\cglib-2.2.jar;C:\Users\dpavleti\.m2\repository\asm\asm\3.1\asm-3.1.jar;C:\Users\dpavleti\.m2\repository\javassist\javassist\3.12.0.GA\javassist-3.12.0.GA.jar;C:\Users\dpavleti\.m2\repository\org\hibernate\javax\persistence\hibernate-jpa-2.0-api\1.0.0.Final\hibernate-jpa-2.0-api-1.0.0.Final.jar;C:\Users\dpavleti\.m2\repository\org\eclipse\jetty\aggregate\jetty-all-server\7.3.0.v20110203\jetty-all-server-7.3.0.v20110203.jar;C:\Users\dpavleti\.m2\repository\javax\servlet\servlet-api\2.5\servlet-api-2.5.jar;C:\Users\dpavleti\.m2\repository\org\apache\geronimo\specs\geronimo-jta_1.1_spec\1.1.1\geronimo-jta_1.1_spec-1.1.1.jar;C:\Users\dpavleti\.m2\repository\javax\mail\mail\1.4.1\mail-1.4.1.jar;C:\Users\dpavleti\.m2\repository\javax\activation\activation\1.1\activation-1.1.jar;C:\Users\dpavleti\.m2\repository\org\apache\geronimo\specs\geronimo-jaspic_1.0_spec\1.0\geronimo-jaspic_1.0_spec-1.0.jar;C:\Users\dpavleti\.m2\repository\org\apache\geronimo\specs\geronimo-annotation_1.0_spec\1.1.1\geronimo-annotation_1.0_spec-1.1.1.jar;C:\Users\dpavleti\.m2\repository\asm\asm-commons\3.1\asm-commons-3.1.jar;C:\Users\dpavleti\.m2\repository\asm\asm-tree\3.1\asm-tree-3.1.jar;C:\Users\dpavleti\.m2\repository\junit\junit\4.8.2\junit-4.8.2.jar;C:\Users\dpavleti\.m2\repository\org\mockito\mockito-core\1.8.5\mockito-core-1.8.5.jar;C:\Users\dpavleti\.m2\repository\org\hamcrest\hamcrest-core\1.1\hamcrest-core-1.1.jar;C:\Users\dpavleti\.m2\repository\org\objenesis\objenesis\1.0\objenesis-1.0.jar;"/>
    <property name="java.specification.name" value="Java Platform API Specification"/>
    <property name="java.class.version" value="50.0"/>
    <property name="sun.management.compiler" value="HotSpot Client Compiler"/>
    <property name="os.version" value="6.1"/>
    <property name="user.home" value="C:\Users\dpavleti"/>
    <property name="user.timezone" value="Europe/Berlin"/>
    <property name="java.awt.printerjob" value="sun.awt.windows.WPrinterJob"/>
    <property name="java.specification.version" value="1.6"/>
    <property name="file.encoding" value="Cp1252"/>
    <property name="user.name" value="dpavleti"/>
    <property name="java.class.path" value="C:\Users\dpavleti\Desktop\wicket-guice-jpa\jpa\target\test-classes;C:\Users\dpavleti\Desktop\wicket-guice-jpa\jpa\target\classes;C:\Users\dpavleti\.m2\repository\org\apache\wicket\wicket\1.4.15\wicket-1.4.15.jar;C:\Users\dpavleti\.m2\repository\org\apache\wicket\wicket-guice\1.4.15\wicket-guice-1.4.15.jar;C:\Users\dpavleti\.m2\repository\org\apache\wicket\wicket-ioc\1.4.15\wicket-ioc-1.4.15.jar;C:\Users\dpavleti\.m2\repository\org\slf4j\slf4j-api\1.6.1\slf4j-api-1.6.1.jar;C:\Users\dpavleti\.m2\repository\org\slf4j\slf4j-log4j12\1.6.1\slf4j-log4j12-1.6.1.jar;C:\Users\dpavleti\.m2\repository\log4j\log4j\1.2.16\log4j-1.2.16.jar;C:\Users\dpavleti\.m2\repository\org\hsqldb\hsqldb\2.0.0\hsqldb-2.0.0.jar;C:\Users\dpavleti\.m2\repository\com\google\inject\guice\3.0-rc2\guice-3.0-rc2.jar;C:\Users\dpavleti\.m2\repository\javax\inject\javax.inject\1\javax.inject-1.jar;C:\Users\dpavleti\.m2\repository\aopalliance\aopalliance\1.0\aopalliance-1.0.jar;C:\Users\dpavleti\.m2\repository\com\google\inject\extensions\guice-persist\3.0-rc2\guice-persist-3.0-rc2.jar;C:\Users\dpavleti\.m2\repository\com\google\inject\extensions\guice-servlet\3.0-rc2\guice-servlet-3.0-rc2.jar;C:\Users\dpavleti\.m2\repository\org\hibernate\hibernate-entitymanager\3.6.1.Final\hibernate-entitymanager-3.6.1.Final.jar;C:\Users\dpavleti\.m2\repository\org\hibernate\hibernate-core\3.6.1.Final\hibernate-core-3.6.1.Final.jar;C:\Users\dpavleti\.m2\repository\antlr\antlr\2.7.6\antlr-2.7.6.jar;C:\Users\dpavleti\.m2\repository\commons-collections\commons-collections\3.1\commons-collections-3.1.jar;C:\Users\dpavleti\.m2\repository\dom4j\dom4j\1.6.1\dom4j-1.6.1.jar;C:\Users\dpavleti\.m2\repository\org\hibernate\hibernate-commons-annotations\3.2.0.Final\hibernate-commons-annotations-3.2.0.Final.jar;C:\Users\dpavleti\.m2\repository\javax\transaction\jta\1.1\jta-1.1.jar;C:\Users\dpavleti\.m2\repository\cglib\cglib\2.2\cglib-2.2.jar;C:\Users\dpavleti\.m2\repository\asm\asm\3.1\asm-3.1.jar;C:\Users\dpavleti\.m2\repository\javassist\javassist\3.12.0.GA\javassist-3.12.0.GA.jar;C:\Users\dpavleti\.m2\repository\org\hibernate\javax\persistence\hibernate-jpa-2.0-api\1.0.0.Final\hibernate-jpa-2.0-api-1.0.0.Final.jar;C:\Users\dpavleti\.m2\repository\org\eclipse\jetty\aggregate\jetty-all-server\7.3.0.v20110203\jetty-all-server-7.3.0.v20110203.jar;C:\Users\dpavleti\.m2\repository\javax\servlet\servlet-api\2.5\servlet-api-2.5.jar;C:\Users\dpavleti\.m2\repository\org\apache\geronimo\specs\geronimo-jta_1.1_spec\1.1.1\geronimo-jta_1.1_spec-1.1.1.jar;C:\Users\dpavleti\.m2\repository\javax\mail\mail\1.4.1\mail-1.4.1.jar;C:\Users\dpavleti\.m2\repository\javax\activation\activation\1.1\activation-1.1.jar;C:\Users\dpavleti\.m2\repository\org\apache\geronimo\specs\geronimo-jaspic_1.0_spec\1.0\geronimo-jaspic_1.0_spec-1.0.jar;C:\Users\dpavleti\.m2\repository\org\apache\geronimo\specs\geronimo-annotation_1.0_spec\1.1.1\geronimo-annotation_1.0_spec-1.1.1.jar;C:\Users\dpavleti\.m2\repository\asm\asm-commons\3.1\asm-commons-3.1.jar;C:\Users\dpavleti\.m2\repository\asm\asm-tree\3.1\asm-tree-3.1.jar;C:\Users\dpavleti\.m2\repository\junit\junit\4.8.2\junit-4.8.2.jar;C:\Users\dpavleti\.m2\repository\org\mockito\mockito-core\1.8.5\mockito-core-1.8.5.jar;C:\Users\dpavleti\.m2\repository\org\hamcrest\hamcrest-core\1.1\hamcrest-core-1.1.jar;C:\Users\dpavleti\.m2\repository\org\objenesis\objenesis\1.0\objenesis-1.0.jar;"/>
    <property name="java.vm.specification.version" value="1.0"/>
    <property name="sun.arch.data.model" value="32"/>
    <property name="java.home" value="C:\Program Files\Java\jdk1.6.0_26\jre"/>
    <property name="sun.java.command" value="C:\Users\dpavleti\Desktop\wicket-guice-jpa\jpa\target\surefire\surefirebooter8606952892562644400.jar C:\Users\dpavleti\Desktop\wicket-guice-jpa\jpa\target\surefire\surefire5939765037249259743tmp C:\Users\dpavleti\Desktop\wicket-guice-jpa\jpa\target\surefire\surefire473507681226006990tmp"/>
    <property name="java.specification.vendor" value="Sun Microsystems Inc."/>
    <property name="user.language" value="de"/>
    <property name="awt.toolkit" value="sun.awt.windows.WToolkit"/>
    <property name="java.vm.info" value="mixed mode, sharing"/>
    <property name="java.version" value="1.6.0_26"/>
    <property name="java.ext.dirs" value="C:\Program Files\Java\jdk1.6.0_26\jre\lib\ext;C:\Windows\Sun\Java\lib\ext"/>
    <property name="sun.boot.class.path" value="C:\Program Files\Java\jdk1.6.0_26\jre\lib\resources.jar;C:\Program Files\Java\jdk1.6.0_26\jre\lib\rt.jar;C:\Program Files\Java\jdk1.6.0_26\jre\lib\sunrsasign.jar;C:\Program Files\Java\jdk1.6.0_26\jre\lib\jsse.jar;C:\Program Files\Java\jdk1.6.0_26\jre\lib\jce.jar;C:\Program Files\Java\jdk1.6.0_26\jre\lib\charsets.jar;C:\Program Files\Java\jdk1.6.0_26\jre\lib\modules\jdk.boot.jar;C:\Program Files\Java\jdk1.6.0_26\jre\classes"/>
    <property name="java.vendor" value="Sun Microsystems Inc."/>
    <property name="localRepository" value="C:\Users\dpavleti\.m2\repository"/>
    <property name="file.separator" value="\"/>
    <property name="java.vendor.url.bug" value="http://java.sun.com/cgi-bin/bugreport.cgi"/>
    <property name="sun.cpu.endian" value="little"/>
    <property name="sun.io.unicode.encoding" value="UnicodeLittle"/>
    <property name="sun.desktop" value="windows"/>
    <property name="sun.cpu.isalist" value="pentium_pro+mmx pentium_pro pentium+mmx pentium i486 i386 i86"/>
  </properties>
  <testcase time="0.786" classname="de.witi.wicket.TestWicketPages" name="testStartPage"/>
  <testcase time="0.249" classname="de.witi.wicket.TestWicketPages" name="testUserPage">
    <error message="Error attaching this container for rendering: [MarkupContainer [Component id = list]]" type="org.apache.wicket.WicketRuntimeException">org.apache.wicket.WicketRuntimeException: Error attaching this container for rendering: [MarkupContainer [Component id = list]]
	at org.apache.wicket.MarkupContainer.onBeforeRenderChildren(MarkupContainer.java:1765)
	at org.apache.wicket.Component.onBeforeRender(Component.java:3940)
	at org.apache.wicket.Component.internalBeforeRender(Component.java:1065)
	at org.apache.wicket.Component.beforeRender(Component.java:1099)
	at org.apache.wicket.MarkupContainer.onBeforeRenderChildren(MarkupContainer.java:1753)
	at org.apache.wicket.Component.onBeforeRender(Component.java:3940)
	at org.apache.wicket.Page.onBeforeRender(Page.java:1550)
	at org.apache.wicket.Component.internalBeforeRender(Component.java:1065)
	at org.apache.wicket.Component.beforeRender(Component.java:1099)
	at org.apache.wicket.Component.prepareForRender(Component.java:2282)
	at org.apache.wicket.Page.prepareForRender(Page.java:1540)
	at org.apache.wicket.Component.prepareForRender(Component.java:2319)
	at org.apache.wicket.Page.renderPage(Page.java:911)
	at org.apache.wicket.request.target.component.BookmarkablePageRequestTarget.respond(BookmarkablePageRequestTarget.java:261)
	at org.apache.wicket.request.AbstractRequestCycleProcessor.respond(AbstractRequestCycleProcessor.java:105)
	at org.apache.wicket.RequestCycle.processEventsAndRespond(RequestCycle.java:1258)
	at org.apache.wicket.RequestCycle.step(RequestCycle.java:1329)
	at org.apache.wicket.RequestCycle.steps(RequestCycle.java:1436)
	at org.apache.wicket.RequestCycle.request(RequestCycle.java:594)
	at org.apache.wicket.protocol.http.MockWebApplication.processRequestCycle(MockWebApplication.java:501)
	at org.apache.wicket.protocol.http.MockWebApplication.processRequestCycle(MockWebApplication.java:413)
	at org.apache.wicket.util.tester.BaseWicketTester.startPage(BaseWicketTester.java:302)
	at de.witi.wicket.TestWicketPages.testUserPage(TestWicketPages.java:44)
	at sun.reflect.NativeMethodAccessorImpl.invoke0(Native Method)
	at sun.reflect.NativeMethodAccessorImpl.invoke(NativeMethodAccessorImpl.java:39)
	at sun.reflect.DelegatingMethodAccessorImpl.invoke(DelegatingMethodAccessorImpl.java:25)
	at java.lang.reflect.Method.invoke(Method.java:597)
	at org.junit.runners.model.FrameworkMethod$1.runReflectiveCall(FrameworkMethod.java:44)
	at org.junit.internal.runners.model.ReflectiveCallable.run(ReflectiveCallable.java:15)
	at org.junit.runners.model.FrameworkMethod.invokeExplosively(FrameworkMethod.java:41)
	at org.junit.internal.runners.statements.InvokeMethod.evaluate(InvokeMethod.java:20)
	at org.junit.internal.runners.statements.RunBefores.evaluate(RunBefores.java:28)
	at org.junit.runners.BlockJUnit4ClassRunner.runNotIgnored(BlockJUnit4ClassRunner.java:79)
	at org.junit.runners.BlockJUnit4ClassRunner.runChild(BlockJUnit4ClassRunner.java:71)
	at org.junit.runners.BlockJUnit4ClassRunner.runChild(BlockJUnit4ClassRunner.java:49)
	at org.junit.runners.ParentRunner$3.run(ParentRunner.java:193)
	at org.junit.runners.ParentRunner$1.schedule(ParentRunner.java:52)
	at org.junit.runners.ParentRunner.runChildren(ParentRunner.java:191)
	at org.junit.runners.ParentRunner.access$000(ParentRunner.java:42)
	at org.junit.runners.ParentRunner$2.evaluate(ParentRunner.java:184)
	at org.junit.runners.ParentRunner.run(ParentRunner.java:236)
	at org.apache.maven.surefire.junit4.JUnit4TestSet.execute(JUnit4TestSet.java:35)
	at org.apache.maven.surefire.junit4.JUnit4Provider.executeTestSet(JUnit4Provider.java:115)
	at org.apache.maven.surefire.junit4.JUnit4Provider.invoke(JUnit4Provider.java:97)
	at sun.reflect.NativeMethodAccessorImpl.invoke0(Native Method)
	at sun.reflect.NativeMethodAccessorImpl.invoke(NativeMethodAccessorImpl.java:39)
	at sun.reflect.DelegatingMethodAccessorImpl.invoke(DelegatingMethodAccessorImpl.java:25)
	at java.lang.reflect.Method.invoke(Method.java:597)
	at org.apache.maven.surefire.booter.ProviderFactory$ClassLoaderProxy.invoke(ProviderFactory.java:103)
	at $Proxy0.invoke(Unknown Source)
	at org.apache.maven.surefire.booter.SurefireStarter.invokeProvider(SurefireStarter.java:150)
	at org.apache.maven.surefire.booter.SurefireStarter.runSuitesInProcess(SurefireStarter.java:91)
	at org.apache.maven.surefire.booter.ForkedBooter.main(ForkedBooter.java:69)
Caused by: com.google.inject.ConfigurationException: Guice configuration errors:

1) No implementation for de.witi.data.dao.Dao was bound.
  while locating de.witi.data.dao.Dao

1 error
	at com.google.inject.internal.InjectorImpl.getProvider(InjectorImpl.java:994)
	at com.google.inject.internal.InjectorImpl.getInstance(InjectorImpl.java:999)
	at org.apache.wicket.guice.GuiceProxyTargetLocator.locateProxyTarget(GuiceProxyTargetLocator.java:137)
	at org.apache.wicket.proxy.LazyInitProxyFactory$JdkHandler.invoke(LazyInitProxyFactory.java:412)
	at org.apache.wicket.proxy.$Proxy11.findAll(Unknown Source)
	at de.witi.pages.UserPage$1.load(UserPage.java:45)
	at de.witi.pages.UserPage$1.load(UserPage.java:39)
	at org.apache.wicket.model.LoadableDetachableModel.getObject(LoadableDetachableModel.java:120)
	at org.apache.wicket.Component.getDefaultModelObject(Component.java:1714)
	at org.apache.wicket.markup.html.list.ListView.getViewSize(ListView.java:220)
	at org.apache.wicket.markup.html.list.ListView.onPopulate(ListView.java:511)
	at org.apache.wicket.markup.repeater.AbstractRepeater.onBeforeRender(AbstractRepeater.java:131)
	at org.apache.wicket.Component.internalBeforeRender(Component.java:1065)
	at org.apache.wicket.Component.beforeRender(Component.java:1099)
	at org.apache.wicket.MarkupContainer.onBeforeRenderChildren(MarkupContainer.java:1753)
	... 52 more
</error>
    <system-out>INFO  - Application                - [TestWicketPages$1] init: Wicket core library initializer
INFO  - RequestListenerInterface   - registered listener interface [RequestListenerInterface name=IBehaviorListener, method=public abstract void org.apache.wicket.behavior.IBehaviorListener.onRequest()]
INFO  - RequestListenerInterface   - registered listener interface [RequestListenerInterface name=IFormSubmitListener, method=public abstract void org.apache.wicket.markup.html.form.IFormSubmitListener.onFormSubmitted()]
INFO  - RequestListenerInterface   - registered listener interface [RequestListenerInterface name=ILinkListener, method=public abstract void org.apache.wicket.markup.html.link.ILinkListener.onLinkClicked()]
INFO  - RequestListenerInterface   - registered listener interface [RequestListenerInterface name=IOnChangeListener, method=public abstract void org.apache.wicket.markup.html.form.IOnChangeListener.onSelectionChanged()]
INFO  - RequestListenerInterface   - registered listener interface [RequestListenerInterface name=IRedirectListener, method=public abstract void org.apache.wicket.IRedirectListener.onRedirect()]
INFO  - RequestListenerInterface   - registered listener interface [RequestListenerInterface name=IResourceListener, method=public abstract void org.apache.wicket.IResourceListener.onResourceRequested()]
INFO  - RequestListenerInterface   - registered listener interface [RequestListenerInterface name=IActivePageBehaviorListener, method=public abstract void org.apache.wicket.behavior.IBehaviorListener.onRequest()]
INFO  - WebApplication             - [TestWicketPages$1] Started Wicket version 1.4.15 in development mode
ERROR - WebPage                    - ^^^^^^^^^^^^^^^^^^^^^^^^^^^^^^^^^^^^^^^^^^^^^^^^^^^^^^^^^^^^^^^^^^^^^^^^^^^^^^^^^^^^^^^^^
ERROR - WebPage                    - You probably forgot to add a &lt;body&gt; or &lt;header&gt; tag to your markup since no Header Container was 
found but components were found which want to write to the &lt;head&gt; section.
&lt;script type=&quot;text/javascript&quot; src=&quot;resources/org.apache.wicket.markup.html.WicketEventReference/wicket-event.js&quot;&gt;&lt;/script&gt;
&lt;script type=&quot;text/javascript&quot; src=&quot;resources/org.apache.wicket.ajax.WicketAjaxReference/wicket-ajax.js&quot;&gt;&lt;/script&gt;
&lt;script type=&quot;text/javascript&quot; src=&quot;resources/org.apache.wicket.ajax.AbstractDefaultAjaxBehavior/wicket-ajax-debug.js&quot;&gt;&lt;/script&gt;
&lt;script type=&quot;text/javascript&quot; id=&quot;wicket-ajax-debug-enable&quot;&gt;&lt;!--/*--&gt;&lt;![CDATA[/*&gt;&lt;!--*/
wicketAjaxDebugEnable=true;
/*--&gt;]]&gt;*/&lt;/script&gt;


ERROR - WebPage                    - ^^^^^^^^^^^^^^^^^^^^^^^^^^^^^^^^^^^^^^^^^^^^^^^^^^^^^^^^^^^^^^^^^^^^^^^^^^^^^^^^^^^^^^^^^
ERROR - RequestCycle               - Error attaching this container for rendering: [MarkupContainer [Component id = list]]
org.apache.wicket.WicketRuntimeException: Error attaching this container for rendering: [MarkupContainer [Component id = list]]
	at org.apache.wicket.MarkupContainer.onBeforeRenderChildren(MarkupContainer.java:1765)
	at org.apache.wicket.Component.onBeforeRender(Component.java:3940)
	at org.apache.wicket.Component.internalBeforeRender(Component.java:1065)
	at org.apache.wicket.Component.beforeRender(Component.java:1099)
	at org.apache.wicket.MarkupContainer.onBeforeRenderChildren(MarkupContainer.java:1753)
	at org.apache.wicket.Component.onBeforeRender(Component.java:3940)
	at org.apache.wicket.Page.onBeforeRender(Page.java:1550)
	at org.apache.wicket.Component.internalBeforeRender(Component.java:1065)
	at org.apache.wicket.Component.beforeRender(Component.java:1099)
	at org.apache.wicket.Component.prepareForRender(Component.java:2282)
	at org.apache.wicket.Page.prepareForRender(Page.java:1540)
	at org.apache.wicket.Component.prepareForRender(Component.java:2319)
	at org.apache.wicket.Page.renderPage(Page.java:911)
	at org.apache.wicket.request.target.component.BookmarkablePageRequestTarget.respond(BookmarkablePageRequestTarget.java:261)
	at org.apache.wicket.request.AbstractRequestCycleProcessor.respond(AbstractRequestCycleProcessor.java:105)
	at org.apache.wicket.RequestCycle.processEventsAndRespond(RequestCycle.java:1258)
	at org.apache.wicket.RequestCycle.step(RequestCycle.java:1329)
	at org.apache.wicket.RequestCycle.steps(RequestCycle.java:1436)
	at org.apache.wicket.RequestCycle.request(RequestCycle.java:594)
	at org.apache.wicket.protocol.http.MockWebApplication.processRequestCycle(MockWebApplication.java:501)
	at org.apache.wicket.protocol.http.MockWebApplication.processRequestCycle(MockWebApplication.java:413)
	at org.apache.wicket.util.tester.BaseWicketTester.startPage(BaseWicketTester.java:302)
	at de.witi.wicket.TestWicketPages.testUserPage(TestWicketPages.java:44)
	at sun.reflect.NativeMethodAccessorImpl.invoke0(Native Method)
	at sun.reflect.NativeMethodAccessorImpl.invoke(NativeMethodAccessorImpl.java:39)
	at sun.reflect.DelegatingMethodAccessorImpl.invoke(DelegatingMethodAccessorImpl.java:25)
	at java.lang.reflect.Method.invoke(Method.java:597)
	at org.junit.runners.model.FrameworkMethod$1.runReflectiveCall(FrameworkMethod.java:44)
	at org.junit.internal.runners.model.ReflectiveCallable.run(ReflectiveCallable.java:15)
	at org.junit.runners.model.FrameworkMethod.invokeExplosively(FrameworkMethod.java:41)
	at org.junit.internal.runners.statements.InvokeMethod.evaluate(InvokeMethod.java:20)
	at org.junit.internal.runners.statements.RunBefores.evaluate(RunBefores.java:28)
	at org.junit.runners.BlockJUnit4ClassRunner.runNotIgnored(BlockJUnit4ClassRunner.java:79)
	at org.junit.runners.BlockJUnit4ClassRunner.runChild(BlockJUnit4ClassRunner.java:71)
	at org.junit.runners.BlockJUnit4ClassRunner.runChild(BlockJUnit4ClassRunner.java:49)
	at org.junit.runners.ParentRunner$3.run(ParentRunner.java:193)
	at org.junit.runners.ParentRunner$1.schedule(ParentRunner.java:52)
	at org.junit.runners.ParentRunner.runChildren(ParentRunner.java:191)
	at org.junit.runners.ParentRunner.access$000(ParentRunner.java:42)
	at org.junit.runners.ParentRunner$2.evaluate(ParentRunner.java:184)
	at org.junit.runners.ParentRunner.run(ParentRunner.java:236)
	at org.apache.maven.surefire.junit4.JUnit4TestSet.execute(JUnit4TestSet.java:35)
	at org.apache.maven.surefire.junit4.JUnit4Provider.executeTestSet(JUnit4Provider.java:115)
	at org.apache.maven.surefire.junit4.JUnit4Provider.invoke(JUnit4Provider.java:97)
	at sun.reflect.NativeMethodAccessorImpl.invoke0(Native Method)
	at sun.reflect.NativeMethodAccessorImpl.invoke(NativeMethodAccessorImpl.java:39)
	at sun.reflect.DelegatingMethodAccessorImpl.invoke(DelegatingMethodAccessorImpl.java:25)
	at java.lang.reflect.Method.invoke(Method.java:597)
	at org.apache.maven.surefire.booter.ProviderFactory$ClassLoaderProxy.invoke(ProviderFactory.java:103)
	at $Proxy0.invoke(Unknown Source)
	at org.apache.maven.surefire.booter.SurefireStarter.invokeProvider(SurefireStarter.java:150)
	at org.apache.maven.surefire.booter.SurefireStarter.runSuitesInProcess(SurefireStarter.java:91)
	at org.apache.maven.surefire.booter.ForkedBooter.main(ForkedBooter.java:69)
Caused by: com.google.inject.ConfigurationException: Guice configuration errors:

1) No implementation for de.witi.data.dao.Dao was bound.
  while locating de.witi.data.dao.Dao

1 error
	at com.google.inject.internal.InjectorImpl.getProvider(InjectorImpl.java:994)
	at com.google.inject.internal.InjectorImpl.getInstance(InjectorImpl.java:999)
	at org.apache.wicket.guice.GuiceProxyTargetLocator.locateProxyTarget(GuiceProxyTargetLocator.java:137)
	at org.apache.wicket.proxy.LazyInitProxyFactory$JdkHandler.invoke(LazyInitProxyFactory.java:412)
	at org.apache.wicket.proxy.$Proxy11.findAll(Unknown Source)
	at de.witi.pages.UserPage$1.load(UserPage.java:45)
	at de.witi.pages.UserPage$1.load(UserPage.java:39)
	at org.apache.wicket.model.LoadableDetachableModel.getObject(LoadableDetachableModel.java:120)
	at org.apache.wicket.Component.getDefaultModelObject(Component.java:1714)
	at org.apache.wicket.markup.html.list.ListView.getViewSize(ListView.java:220)
	at org.apache.wicket.markup.html.list.ListView.onPopulate(ListView.java:511)
	at org.apache.wicket.markup.repeater.AbstractRepeater.onBeforeRender(AbstractRepeater.java:131)
	at org.apache.wicket.Component.internalBeforeRender(Component.java:1065)
	at org.apache.wicket.Component.beforeRender(Component.java:1099)
	at org.apache.wicket.MarkupContainer.onBeforeRenderChildren(MarkupContainer.java:1753)
	... 52 more
</system-out>
    <system-err>********************************************************************
*** WARNING: Wicket is running in DEVELOPMENT mode.              ***
***                               ^^^^^^^^^^^                    ***
*** Do NOT deploy to your live server(s) without changing this.  ***
*** See Application#getConfigurationType() for more information. ***
********************************************************************
</system-err>
  </testcase>
</testsuite>